[debug] [2023-08-24T03:01:40.033Z] ----------------------------------------------------------------------
[debug] [2023-08-24T03:01:40.035Z] Command:       /usr/local/bin/firebase /Users/michaelsalas/.cache/firebase/tools/lib/node_modules/firebase-tools/lib/bin/firebase init
[debug] [2023-08-24T03:01:40.036Z] CLI Version:   12.5.1
[debug] [2023-08-24T03:01:40.036Z] Platform:      darwin
[debug] [2023-08-24T03:01:40.037Z] Node Version:  v16.16.0
[debug] [2023-08-24T03:01:40.038Z] Time:          Wed Aug 23 2023 21:01:40 GMT-0600 (Central Standard Time)
[debug] [2023-08-24T03:01:40.038Z] ----------------------------------------------------------------------
[debug] 
[debug] [2023-08-24T03:01:40.049Z] > command requires scopes: ["email","openid","https://www.googleapis.com/auth/cloudplatformprojects.readonly","https://www.googleapis.com/auth/firebase","https://www.googleapis.com/auth/cloud-platform"]
[debug] [2023-08-24T03:01:40.051Z] > authorizing via signed-in user (a.soliss@gmail.com)
[info] 
     ######## #### ########  ######## ########     ###     ######  ########
     ##        ##  ##     ## ##       ##     ##  ##   ##  ##       ##
     ######    ##  ########  ######   ########  #########  ######  ######
     ##        ##  ##    ##  ##       ##     ## ##     ##       ## ##
     ##       #### ##     ## ######## ########  ##     ##  ######  ########

You're about to initialize a Firebase project in this directory:

  /Users/michaelsalas/Documents/Angular/RestaurantApp

[info] 
=== Project Setup
[info] 
[info] First, let's associate this project directory with a Firebase project.
[info] You can create multiple project aliases by running firebase use --add, 
[info] but for now we'll just set up a default project.
[info] 
[debug] [2023-08-24T03:01:47.472Z] >>> [apiv2][query] GET https://firebase.googleapis.com/v1beta1/projects pageSize=100
[debug] [2023-08-24T03:01:48.035Z] <<< [apiv2][status] GET https://firebase.googleapis.com/v1beta1/projects 200
[debug] [2023-08-24T03:01:48.036Z] <<< [apiv2][body] GET https://firebase.googleapis.com/v1beta1/projects [omitted]
[info] i  Using project restaurant-app-a3c2e (restaurant-app) 
[info] 
=== Hosting Setup
[info] 
[info] Your public directory is the folder (relative to your project directory) that
[info] will contain Hosting assets to be uploaded with firebase deploy. If you
[info] have a build process for your assets, use your build's output directory.
[info] 
[debug] [2023-08-24T03:03:52.906Z] >>> [apiv2][query] GET https://www.gstatic.com/firebasejs/releases.json [none]
[debug] [2023-08-24T03:03:53.331Z] <<< [apiv2][status] GET https://www.gstatic.com/firebasejs/releases.json 200
[debug] [2023-08-24T03:03:53.332Z] <<< [apiv2][body] GET https://www.gstatic.com/firebasejs/releases.json {"current":{"version":"10.3.0","browserURL":"https://www.gstatic.com/firebasejs/10.3.0/firebase.js","packageURL":"https://www.gstatic.com/firebasejs/10.3.0/firebase.tgz"},"live":{"version":"10.3","browserURL":"https://www.gstatic.com/firebasejs/live/10.3/firebase.js","packageURL":"https://www.gstatic.com/firebasejs/live/10.3/firebase.tgz"},"components":{"analytics":"https://www.gstatic.com/firebasejs/10.3.0/firebase-analytics.js","app":"https://www.gstatic.com/firebasejs/10.3.0/firebase-app.js","app-check":"https://www.gstatic.com/firebasejs/10.3.0/firebase-app-check.js","auth":"https://www.gstatic.com/firebasejs/10.3.0/firebase-auth.js","auth/cordova":"https://www.gstatic.com/firebasejs/10.3.0/firebase-auth/cordova.js","functions":"https://www.gstatic.com/firebasejs/10.3.0/firebase-functions.js","firestore":"https://www.gstatic.com/firebasejs/10.3.0/firebase-firestore.js","firestore/lite":"https://www.gstatic.com/firebasejs/10.3.0/firebase-firestore/lite.js","installations":"https://www.gstatic.com/firebasejs/10.3.0/firebase-installations.js","storage":"https://www.gstatic.com/firebasejs/10.3.0/firebase-storage.js","performance":"https://www.gstatic.com/firebasejs/10.3.0/firebase-performance.js","remote-config":"https://www.gstatic.com/firebasejs/10.3.0/firebase-remote-config.js","messaging":"https://www.gstatic.com/firebasejs/10.3.0/firebase-messaging.js","messaging/sw":"https://www.gstatic.com/firebasejs/10.3.0/firebase-messaging/sw.js","database":"https://www.gstatic.com/firebasejs/10.3.0/firebase-database.js","firestore.memory":"https://www.gstatic.com/firebasejs/10.3.0/firebase-firestore.memory.js"}}
[info] i  Skipping write of dist/restaurant-app/index.html 
[info] 
[info] i  Detected a .git folder at /Users/michaelsalas/Documents/Angular/RestaurantApp 
[info] i  Authorizing with GitHub to upload your service account to a GitHub repository's secrets store. 
[info] 
[info] Visit this URL on this device to log in:
[info] https://github.com/login/oauth/authorize?client_id=89cf50f02ac6aaed3484&state=90545294&redirect_uri=http%3A%2F%2Flocalhost%3A9005&scope=read%3Auser%20repo%20public_repo
[info] 
[info] Waiting for authentication...
[debug] [2023-08-24T03:05:39.400Z] >>> [apiv2][query] POST https://github.com/login/oauth/access_token [none]
[debug] [2023-08-24T03:05:39.402Z] >>> [apiv2][body] POST https://github.com/login/oauth/access_token [stream]
[debug] [2023-08-24T03:05:39.796Z] <<< [apiv2][status] POST https://github.com/login/oauth/access_token 200
[debug] [2023-08-24T03:05:39.799Z] <<< [apiv2][body] POST https://github.com/login/oauth/access_token {"access_token":"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","token_type":"bearer","scope":"read:user,repo"}
[debug] [2023-08-24T03:05:39.815Z] >>> [apiv2][query] GET https://api.github.com/user [none]
[debug] [2023-08-24T03:05:40.210Z] <<< [apiv2][status] GET https://api.github.com/user 200
[debug] [2023-08-24T03:05:40.211Z] <<< [apiv2][body] GET https://api.github.com/user {"login":"MichaelSsSs88","id":63695255,"node_id":"MDQ6VXNlcjYzNjk1MjU1","avatar_url":"https://avatars.githubusercontent.com/u/63695255?v=4","gravatar_id":"","url":"https://api.github.com/users/MichaelSsSs88","html_url":"https://github.com/MichaelSsSs88","followers_url":"https://api.github.com/users/MichaelSsSs88/followers","following_url":"https://api.github.com/users/MichaelSsSs88/following{/other_user}","gists_url":"https://api.github.com/users/MichaelSsSs88/gists{/gist_id}","starred_url":"https://api.github.com/users/MichaelSsSs88/starred{/owner}{/repo}","subscriptions_url":"https://api.github.com/users/MichaelSsSs88/subscriptions","organizations_url":"https://api.github.com/users/MichaelSsSs88/orgs","repos_url":"https://api.github.com/users/MichaelSsSs88/repos","events_url":"https://api.github.com/users/MichaelSsSs88/events{/privacy}","received_events_url":"https://api.github.com/users/MichaelSsSs88/received_events","type":"User","site_admin":false,"name":"Michael","company":null,"blog":"","location":null,"email":null,"hireable":null,"bio":null,"twitter_username":null,"public_repos":17,"public_gists":0,"followers":1,"following":0,"created_at":"2020-04-15T04:02:07Z","updated_at":"2023-08-14T21:30:00Z","private_gists":0,"total_private_repos":28,"owned_private_repos":28,"disk_usage":484279,"collaborators":8,"two_factor_authentication":true,"plan":{"name":"free","space":976562499,"collaborators":0,"private_repos":10000}}
[info] 
[info] ✔  Success! Logged into GitHub as MichaelSsSs88 
[info] 
